2016-07-16 11:05:09,757 - PyFtpModule.py:105 - Ftpserver - windoes not hided
2016-07-16 11:10:32,737 - PyFtpModule.py:105 - Ftpserver - windoes not hided
2016-07-16 11:26:09,584 - PyFtpModule.py:110 - Ftpserver - windoes not hided
2016-07-16 11:27:18,292 - PyFtpModule.py:110 - Ftpserver - windoes not hided
2016-07-16 11:28:40,128 - PyFtpModule.py:110 - Ftpserver - windoes not hided
2016-07-20 19:39:44,661 - PyFtpModule.py:110 - Ftpserver - windoes not hided
2016-07-20 19:39:44,663 - PyFtpModule.py:102 - Ftpserver - no such directory: u'etc'
2016-07-20 19:39:58,062 - PyFtpModule.py:110 - Ftpserver - windoes not hided
2016-07-20 19:51:09,596 - PyFtpModule.py:116 - Ftpserver - windoes not hided
2016-07-20 19:51:09,596 - PyFtpModule.py:73 - Ftpserver - getint() takes exactly 3 arguments (4 given)
2016-07-20 19:51:26,634 - PyFtpModule.py:116 - Ftpserver - windoes not hided
2016-07-20 19:51:26,635 - PyFtpModule.py:73 - Ftpserver - getboolean() takes exactly 3 arguments (4 given)
2016-07-20 19:51:31,006 - PyFtpModule.py:116 - Ftpserver - windoes not hided
2016-07-20 19:51:41,913 - PyFtpModule.py:116 - Ftpserver - windoes not hided
2016-07-20 19:51:58,730 - PyFtpModule.py:116 - Ftpserver - windoes not hided
2016-07-20 19:52:25,361 - PyFtpModule.py:116 - Ftpserver - windoes not hided
2016-07-20 19:52:34,707 - PyFtpModule.py:108 - Ftpserver - no such permission '"'
2016-07-20 19:53:53,132 - PyFtpModule.py:120 - Ftpserver - windoes not hided
2016-07-20 19:54:08,279 - PyFtpModule.py:120 - Ftpserver - windoes not hided
2016-07-20 19:54:39,127 - PyFtpModule.py:120 - Ftpserver - windoes not hided
2016-07-20 19:54:39,128 - PyFtpModule.py:112 - Ftpserver - no such permission '"'
2016-07-20 19:54:48,668 - PyFtpModule.py:120 - Ftpserver - windoes not hided
2016-07-20 19:55:35,171 - PyFtpModule.py:120 - Ftpserver - windoes not hided
2016-07-20 19:55:44,835 - PyFtpModule.py:120 - Ftpserver - windoes not hided
2016-07-20 19:57:09,084 - PyFtpModule.py:120 - Ftpserver - windoes not hided
2016-07-20 19:57:48,723 - PyFtpModule.py:112 - Ftpserver - no such permission u'"'
2016-07-20 19:58:00,420 - PyFtpModule.py:120 - Ftpserver - windoes not hided
2016-07-20 20:04:30,358 - PyFtpModule.py:138 - Ftpserver - windoes not hided
2016-07-20 20:04:30,358 - PyFtpModule.py:98 - Ftpserver - create dir : c://new
2016-07-20 20:05:05,543 - PyFtpModule.py:138 - Ftpserver - windoes not hided
2016-07-20 20:05:05,546 - PyFtpModule.py:98 - Ftpserver - create dir : c://new/test/good
2016-07-20 20:05:45,911 - PyFtpModule.py:138 - Ftpserver - windoes not hided
2016-07-20 20:05:45,914 - PyFtpModule.py:98 - Ftpserver - create dir : c://new/test/good
2016-07-20 20:06:18,569 - PyFtpModule.py:138 - Ftpserver - windoes not hided
2016-07-20 20:06:51,733 - PyFtpModule.py:138 - Ftpserver - windoes not hided
2016-07-20 20:07:00,805 - PyFtpModule.py:138 - Ftpserver - windoes not hided
2016-07-20 20:07:37,992 - PyFtpModule.py:144 - Ftpserver - windows hided
2016-07-20 20:08:51,052 - PyFtpModule.py:144 - Ftpserver - windows hided
2016-07-20 20:17:53,631 - PyFtpModule.py:128 - Ftpserver - [Errno 10048] 通常每个套接字地址(协议/网络地址/端口)
